# JRE version: Java(TM) SE Runtime Environment (8.0_211-b12) (build 1.8.0_211-b12)
# Java VM: Java HotSpot(TM) 64-Bit Server VM (25.211-b12 mixed mode windows-amd64 compressed oops)
Heap:
 PSYoungGen      total 116736K, used 17659K [0x00000000d5f80000, 0x00000000e0f00000, 0x0000000100000000)
  eden space 103936K, 16% used [0x00000000d5f80000,0x00000000d70bef40,0x00000000dc500000)
  from space 12800K, 0% used [0x00000000dc500000,0x00000000dc500000,0x00000000dd180000)
  to   space 12288K, 0% used [0x00000000e0300000,0x00000000e0300000,0x00000000e0f00000)
 ParOldGen       total 81408K, used 13210K [0x0000000081e00000, 0x0000000086d80000, 0x00000000d5f80000)
  object space 81408K, 16% used [0x0000000081e00000,0x0000000082ae6bc8,0x0000000086d80000)
 Metaspace       used 34543K, capacity 36348K, committed 36568K, reserved 1081344K
  class space    used 4763K, capacity 5092K, committed 5120K, reserved 1048576K
GC Heap History (10 events):
Event: 1.445 GC heap before
{Heap before GC invocations=5 (full 1):
 PSYoungGen      total 71680K, used 5104K [0x00000000d5f80000, 0x00000000daa80000, 0x0000000100000000)
  eden space 66560K, 0% used [0x00000000d5f80000,0x00000000d5f80000,0x00000000da080000)
  from space 5120K, 99% used [0x00000000da580000,0x00000000daa7c000,0x00000000daa80000)
  to   space 5120K, 0% used [0x00000000da080000,0x00000000da080000,0x00000000da580000)
 ParOldGen       total 87552K, used 9145K [0x0000000081e00000, 0x0000000087380000, 0x00000000d5f80000)
  object space 87552K, 10% used [0x0000000081e00000,0x00000000826ee6e8,0x0000000087380000)
 Metaspace       used 20425K, capacity 21124K, committed 21248K, reserved 1067008K
  class space    used 2768K, capacity 2971K, committed 3072K, reserved 1048576K
Event: 1.469 GC heap after
Heap after GC invocations=5 (full 1):
 PSYoungGen      total 71680K, used 0K [0x00000000d5f80000, 0x00000000daa80000, 0x0000000100000000)
  eden space 66560K, 0% used [0x00000000d5f80000,0x00000000d5f80000,0x00000000da080000)
  from space 5120K, 0% used [0x00000000da580000,0x00000000da580000,0x00000000daa80000)
  to   space 5120K, 0% used [0x00000000da080000,0x00000000da080000,0x00000000da580000)
 ParOldGen       total 58368K, used 7935K [0x0000000081e00000, 0x0000000085700000, 0x00000000d5f80000)
  object space 58368K, 13% used [0x0000000081e00000,0x00000000825bfc70,0x0000000085700000)
 Metaspace       used 20423K, capacity 21118K, committed 21248K, reserved 1067008K
  class space    used 2767K, capacity 2970K, committed 3072K, reserved 1048576K
}
Event: 2.053 GC heap before
{Heap before GC invocations=6 (full 1):
 PSYoungGen      total 71680K, used 66560K [0x00000000d5f80000, 0x00000000daa80000, 0x0000000100000000)
  eden space 66560K, 100% used [0x00000000d5f80000,0x00000000da080000,0x00000000da080000)
  from space 5120K, 0% used [0x00000000da580000,0x00000000da580000,0x00000000daa80000)
  to   space 5120K, 0% used [0x00000000da080000,0x00000000da080000,0x00000000da580000)
 ParOldGen       total 58368K, used 7935K [0x0000000081e00000, 0x0000000085700000, 0x00000000d5f80000)
  object space 58368K, 13% used [0x0000000081e00000,0x00000000825bfc70,0x0000000085700000)
 Metaspace       used 26322K, capacity 27714K, committed 28032K, reserved 1073152K
  class space    used 3592K, capacity 3876K, committed 3968K, reserved 1048576K
Event: 2.060 GC heap after
Heap after GC invocations=6 (full 1):
 PSYoungGen      total 71680K, used 5117K [0x00000000d5f80000, 0x00000000ddd00000, 0x0000000100000000)
  eden space 66560K, 0% used [0x00000000d5f80000,0x00000000d5f80000,0x00000000da080000)
  from space 5120K, 99% used [0x00000000da080000,0x00000000da57f570,0x00000000da580000)
  to   space 11264K, 0% used [0x00000000dd200000,0x00000000dd200000,0x00000000ddd00000)
 ParOldGen       total 58368K, used 12426K [0x0000000081e00000, 0x0000000085700000, 0x00000000d5f80000)
  object space 58368K, 21% used [0x0000000081e00000,0x0000000082a228b8,0x0000000085700000)
 Metaspace       used 26322K, capacity 27714K, committed 28032K, reserved 1073152K
  class space    used 3592K, capacity 3876K, committed 3968K, reserved 1048576K
}
Event: 2.961 GC heap before
{Heap before GC invocations=7 (full 1):
 PSYoungGen      total 71680K, used 71677K [0x00000000d5f80000, 0x00000000ddd00000, 0x0000000100000000)
  eden space 66560K, 100% used [0x00000000d5f80000,0x00000000da080000,0x00000000da080000)
  from space 5120K, 99% used [0x00000000da080000,0x00000000da57f570,0x00000000da580000)
  to   space 11264K, 0% used [0x00000000dd200000,0x00000000dd200000,0x00000000ddd00000)
 ParOldGen       total 58368K, used 12426K [0x0000000081e00000, 0x0000000085700000, 0x00000000d5f80000)
  object space 58368K, 21% used [0x0000000081e00000,0x0000000082a228b8,0x0000000085700000)
 Metaspace       used 31704K, capacity 33444K, committed 33664K, reserved 1079296K
  class space    used 4389K, capacity 4704K, committed 4736K, reserved 1048576K
Event: 2.973 GC heap after
Heap after GC invocations=7 (full 1):
 PSYoungGen      total 115200K, used 11238K [0x00000000d5f80000, 0x00000000dde00000, 0x0000000100000000)
  eden space 103936K, 0% used [0x00000000d5f80000,0x00000000d5f80000,0x00000000dc500000)
  from space 11264K, 99% used [0x00000000dd200000,0x00000000ddcf9a18,0x00000000ddd00000)
  to   space 12800K, 0% used [0x00000000dc500000,0x00000000dc500000,0x00000000dd180000)
 ParOldGen       total 58368K, used 12539K [0x0000000081e00000, 0x0000000085700000, 0x00000000d5f80000)
  object space 58368K, 21% used [0x0000000081e00000,0x0000000082a3ee18,0x0000000085700000)
 Metaspace       used 31704K, capacity 33444K, committed 33664K, reserved 1079296K
  class space    used 4389K, capacity 4704K, committed 4736K, reserved 1048576K
}
Event: 43.239 GC heap before
{Heap before GC invocations=8 (full 1):
 PSYoungGen      total 115200K, used 36131K [0x00000000d5f80000, 0x00000000dde00000, 0x0000000100000000)
  eden space 103936K, 23% used [0x00000000d5f80000,0x00000000d77cf318,0x00000000dc500000)
  from space 11264K, 99% used [0x00000000dd200000,0x00000000ddcf9a18,0x00000000ddd00000)
  to   space 12800K, 0% used [0x00000000dc500000,0x00000000dc500000,0x00000000dd180000)
 ParOldGen       total 58368K, used 12539K [0x0000000081e00000, 0x0000000085700000, 0x00000000d5f80000)
  object space 58368K, 21% used [0x0000000081e00000,0x0000000082a3ee18,0x0000000085700000)
 Metaspace       used 33489K, capacity 35334K, committed 35416K, reserved 1079296K
  class space    used 4612K, capacity 4965K, committed 4992K, reserved 1048576K
Event: 43.246 GC heap after
Heap after GC invocations=8 (full 1):
 PSYoungGen      total 116736K, used 9070K [0x00000000d5f80000, 0x00000000e0f00000, 0x0000000100000000)
  eden space 103936K, 0% used [0x00000000d5f80000,0x00000000d5f80000,0x00000000dc500000)
  from space 12800K, 70% used [0x00000000dc500000,0x00000000dcddb890,0x00000000dd180000)
  to   space 12288K, 0% used [0x00000000e0300000,0x00000000e0300000,0x00000000e0f00000)
 ParOldGen       total 58368K, used 12547K [0x0000000081e00000, 0x0000000085700000, 0x00000000d5f80000)
  object space 58368K, 21% used [0x0000000081e00000,0x0000000082a40e18,0x0000000085700000)
 Metaspace       used 33489K, capacity 35334K, committed 35416K, reserved 1079296K
  class space    used 4612K, capacity 4965K, committed 4992K, reserved 1048576K
}
Event: 43.246 GC heap before
{Heap before GC invocations=9 (full 2):
 PSYoungGen      total 116736K, used 9070K [0x00000000d5f80000, 0x00000000e0f00000, 0x0000000100000000)
  eden space 103936K, 0% used [0x00000000d5f80000,0x00000000d5f80000,0x00000000dc500000)
  from space 12800K, 70% used [0x00000000dc500000,0x00000000dcddb890,0x00000000dd180000)
  to   space 12288K, 0% used [0x00000000e0300000,0x00000000e0300000,0x00000000e0f00000)
 ParOldGen       total 58368K, used 12547K [0x0000000081e00000, 0x0000000085700000, 0x00000000d5f80000)
  object space 58368K, 21% used [0x0000000081e00000,0x0000000082a40e18,0x0000000085700000)
 Metaspace       used 33489K, capacity 35334K, committed 35416K, reserved 1079296K
  class space    used 4612K, capacity 4965K, committed 4992K, reserved 1048576K
Event: 43.288 GC heap after
Heap after GC invocations=9 (full 2):
 PSYoungGen      total 116736K, used 0K [0x00000000d5f80000, 0x00000000e0f00000, 0x0000000100000000)
  eden space 103936K, 0% used [0x00000000d5f80000,0x00000000d5f80000,0x00000000dc500000)
  from space 12800K, 0% used [0x00000000dc500000,0x00000000dc500000,0x00000000dd180000)
  to   space 12288K, 0% used [0x00000000e0300000,0x00000000e0300000,0x00000000e0f00000)
 ParOldGen       total 81408K, used 13210K [0x0000000081e00000, 0x0000000086d80000, 0x00000000d5f80000)
  object space 81408K, 16% used [0x0000000081e00000,0x0000000082ae6bc8,0x0000000086d80000)
 Metaspace       used 33475K, capacity 35304K, committed 35416K, reserved 1079296K
  class space    used 4609K, capacity 4960K, committed 4992K, reserved 1048576K
}

